2020-03-14 08:59:37,365 [Worker-4: Loading available Gradle versions] INFO  o.e.b.c.i.u.g.PublishedGradleVersions - Gradle version information cache is up-to-date. Trying to read.
2020-03-14 09:13:41,468 [Worker-12: Import Getting Started Content] INFO  o.e.m.c.i.l.LifecycleMappingFactory - Using org.eclipse.m2e.jdt.JarLifecycleMapping lifecycle mapping for MavenProject: com.currencyConverter:CurrencyConverter:0.0.1-SNAPSHOT @ C:\Users\kanastasov\Desktop\CurrencyConverter\CurrencyConverter\pom.xml.
2020-03-14 09:13:50,828 [Worker-12: Import Getting Started Content] INFO  o.e.m.j.i.AbstractJavaProjectConfigurator - Adding source folder /CurrencyConverter/src/main/java
2020-03-14 09:13:50,829 [Worker-12: Import Getting Started Content] INFO  o.e.m.j.i.AbstractJavaProjectConfigurator - Adding resource folder /CurrencyConverter/src/main/resources
2020-03-14 09:13:50,845 [Worker-12: Import Getting Started Content] INFO  o.e.m.j.i.AbstractJavaProjectConfigurator - Adding resource folder /CurrencyConverter/src/main/resources
2020-03-14 09:13:50,866 [Worker-12: Import Getting Started Content] INFO  o.e.m.j.i.AbstractJavaProjectConfigurator - Adding source folder /CurrencyConverter/src/test/java
2020-03-14 09:13:52,070 [Worker-12: Import Getting Started Content] INFO  o.e.m.c.i.p.ProjectConfigurationManager - Imported and configured 1 project(s) in 22 sec
2020-03-14 09:13:52,077 [Worker-12: Import Getting Started Content] INFO  o.e.m.c.i.p.ProjectConfigurationManager - Update started
2020-03-14 09:13:52,940 [Worker-12: Import Getting Started Content] INFO  o.e.m.c.i.l.LifecycleMappingFactory - Using org.eclipse.m2e.jdt.JarLifecycleMapping lifecycle mapping for MavenProject: com.currencyConverter:CurrencyConverter:0.0.1-SNAPSHOT @ C:\Users\kanastasov\Desktop\CurrencyConverter\CurrencyConverter\pom.xml.
2020-03-14 09:13:54,297 [Worker-12: Import Getting Started Content] INFO  o.e.m.j.i.AbstractJavaProjectConfigurator - Adding source folder /CurrencyConverter/src/main/java
2020-03-14 09:13:54,298 [Worker-12: Import Getting Started Content] INFO  o.e.m.j.i.AbstractJavaProjectConfigurator - Adding resource folder /CurrencyConverter/src/main/resources
2020-03-14 09:13:54,298 [Worker-12: Import Getting Started Content] INFO  o.e.m.j.i.AbstractJavaProjectConfigurator - Adding resource folder /CurrencyConverter/src/main/resources
2020-03-14 09:13:54,299 [Worker-12: Import Getting Started Content] INFO  o.e.m.j.i.AbstractJavaProjectConfigurator - Adding source folder /CurrencyConverter/src/test/java
2020-03-14 09:13:55,088 [Worker-12: Import Getting Started Content] INFO  o.e.m.c.i.p.ProjectConfigurationManager - Update completed: 3 sec
2020-03-14 09:13:56,500 [Worker-10: Building] INFO  o.e.m.c.i.embedder.EclipseLogger - Using 'UTF-8' encoding to copy filtered resources.
2020-03-14 09:13:56,538 [Worker-10: Building] INFO  o.e.m.c.i.embedder.EclipseLogger - Copying 1 resource
2020-03-14 09:13:56,584 [Worker-10: Building] INFO  o.e.m.c.i.embedder.EclipseLogger - Copying 0 resource
2020-03-14 09:13:56,589 [Worker-10: Building] INFO  o.e.m.c.i.embedder.EclipseLogger - Using 'UTF-8' encoding to copy filtered resources.
2020-03-14 09:13:56,589 [Worker-10: Building] INFO  o.e.m.c.i.embedder.EclipseLogger - skip non existing resourceDirectory C:\Users\kanastasov\Desktop\CurrencyConverter\CurrencyConverter\src\test\resources
2020-03-14 09:17:23,577 [Worker-19: Building] INFO  o.e.m.c.i.embedder.EclipseLogger - Using 'UTF-8' encoding to copy filtered resources.
2020-03-14 09:17:23,579 [Worker-19: Building] INFO  o.e.m.c.i.embedder.EclipseLogger - Copying 0 resource
2020-03-14 09:17:23,580 [Worker-19: Building] INFO  o.e.m.c.i.embedder.EclipseLogger - Copying 0 resource
2020-03-14 09:17:23,582 [Worker-19: Building] INFO  o.e.m.c.i.embedder.EclipseLogger - Using 'UTF-8' encoding to copy filtered resources.
2020-03-14 09:17:23,583 [Worker-19: Building] INFO  o.e.m.c.i.embedder.EclipseLogger - skip non existing resourceDirectory C:\Users\kanastasov\Desktop\CurrencyConverter\CurrencyConverter\src\test\resources
2020-03-14 09:18:47,433 [Worker-15: Building] INFO  o.e.m.c.i.embedder.EclipseLogger - Using 'UTF-8' encoding to copy filtered resources.
2020-03-14 09:18:47,447 [Worker-15: Building] INFO  o.e.m.c.i.embedder.EclipseLogger - Copying 1 resource
2020-03-14 09:18:47,449 [Worker-15: Building] INFO  o.e.m.c.i.embedder.EclipseLogger - Copying 0 resource
2020-03-14 09:18:47,452 [Worker-15: Building] INFO  o.e.m.c.i.embedder.EclipseLogger - Using 'UTF-8' encoding to copy filtered resources.
2020-03-14 09:18:47,452 [Worker-15: Building] INFO  o.e.m.c.i.embedder.EclipseLogger - skip non existing resourceDirectory C:\Users\kanastasov\Desktop\CurrencyConverter\CurrencyConverter\src\test\resources
2020-03-14 09:18:57,447 [Worker-22: Building] INFO  o.e.m.c.i.embedder.EclipseLogger - Using 'UTF-8' encoding to copy filtered resources.
2020-03-14 09:18:57,448 [Worker-22: Building] INFO  o.e.m.c.i.embedder.EclipseLogger - Copying 1 resource
2020-03-14 09:18:57,450 [Worker-22: Building] INFO  o.e.m.c.i.embedder.EclipseLogger - Copying 0 resource
2020-03-14 09:18:57,453 [Worker-22: Building] INFO  o.e.m.c.i.embedder.EclipseLogger - Using 'UTF-8' encoding to copy filtered resources.
2020-03-14 09:18:57,454 [Worker-22: Building] INFO  o.e.m.c.i.embedder.EclipseLogger - skip non existing resourceDirectory C:\Users\kanastasov\Desktop\CurrencyConverter\CurrencyConverter\src\test\resources
2020-03-14 09:19:45,369 [Worker-15: Building] INFO  o.e.m.c.i.embedder.EclipseLogger - Using 'UTF-8' encoding to copy filtered resources.
2020-03-14 09:19:45,374 [Worker-15: Building] INFO  o.e.m.c.i.embedder.EclipseLogger - Copying 1 resource
2020-03-14 09:19:45,377 [Worker-15: Building] INFO  o.e.m.c.i.embedder.EclipseLogger - Copying 0 resource
2020-03-14 09:19:45,381 [Worker-15: Building] INFO  o.e.m.c.i.embedder.EclipseLogger - Using 'UTF-8' encoding to copy filtered resources.
2020-03-14 09:19:45,382 [Worker-15: Building] INFO  o.e.m.c.i.embedder.EclipseLogger - skip non existing resourceDirectory C:\Users\kanastasov\Desktop\CurrencyConverter\CurrencyConverter\src\test\resources
2020-03-14 09:19:56,157 [Worker-17: Building] INFO  o.e.m.c.i.embedder.EclipseLogger - Using 'UTF-8' encoding to copy filtered resources.
2020-03-14 09:19:56,159 [Worker-17: Building] INFO  o.e.m.c.i.embedder.EclipseLogger - Copying 1 resource
2020-03-14 09:19:56,161 [Worker-17: Building] INFO  o.e.m.c.i.embedder.EclipseLogger - Copying 0 resource
2020-03-14 09:19:56,164 [Worker-17: Building] INFO  o.e.m.c.i.embedder.EclipseLogger - Using 'UTF-8' encoding to copy filtered resources.
2020-03-14 09:19:56,165 [Worker-17: Building] INFO  o.e.m.c.i.embedder.EclipseLogger - skip non existing resourceDirectory C:\Users\kanastasov\Desktop\CurrencyConverter\CurrencyConverter\src\test\resources
2020-03-14 09:20:12,529 [Worker-22: Building] INFO  o.e.m.c.i.embedder.EclipseLogger - Using 'UTF-8' encoding to copy filtered resources.
2020-03-14 09:20:12,530 [Worker-22: Building] INFO  o.e.m.c.i.embedder.EclipseLogger - Copying 1 resource
2020-03-14 09:20:12,533 [Worker-22: Building] INFO  o.e.m.c.i.embedder.EclipseLogger - Copying 0 resource
2020-03-14 09:20:12,540 [Worker-22: Building] INFO  o.e.m.c.i.embedder.EclipseLogger - Using 'UTF-8' encoding to copy filtered resources.
2020-03-14 09:20:12,540 [Worker-22: Building] INFO  o.e.m.c.i.embedder.EclipseLogger - skip non existing resourceDirectory C:\Users\kanastasov\Desktop\CurrencyConverter\CurrencyConverter\src\test\resources
2020-03-14 09:21:28,700 [Worker-15: Building] INFO  o.e.m.c.i.embedder.EclipseLogger - Using 'UTF-8' encoding to copy filtered resources.
2020-03-14 09:21:28,701 [Worker-15: Building] INFO  o.e.m.c.i.embedder.EclipseLogger - Copying 1 resource
2020-03-14 09:21:28,703 [Worker-15: Building] INFO  o.e.m.c.i.embedder.EclipseLogger - Copying 0 resource
2020-03-14 09:21:28,710 [Worker-15: Building] INFO  o.e.m.c.i.embedder.EclipseLogger - Using 'UTF-8' encoding to copy filtered resources.
2020-03-14 09:21:28,710 [Worker-15: Building] INFO  o.e.m.c.i.embedder.EclipseLogger - skip non existing resourceDirectory C:\Users\kanastasov\Desktop\CurrencyConverter\CurrencyConverter\src\test\resources
2020-03-14 09:22:35,647 [Worker-21: Building] INFO  o.e.m.c.i.e.AbstractTransferListenerAdapter - Downloading https://repo.maven.apache.org/maven2/org/apache/maven/plugins/maven-surefire-plugin/2.22.0/maven-surefire-plugin-2.22.0.jar
2020-03-14 09:22:35,821 [Worker-21: Building] INFO  o.e.m.c.i.e.AbstractTransferListenerAdapter - Downloaded https://repo.maven.apache.org/maven2/org/apache/maven/plugins/maven-surefire-plugin/2.22.0/maven-surefire-plugin-2.22.0.jar
2020-03-14 09:22:36,759 [Worker-21: Building] INFO  o.e.m.c.i.l.LifecycleMappingFactory - Using org.eclipse.m2e.jdt.JarLifecycleMapping lifecycle mapping for MavenProject: com.currencyConverter:CurrencyConverter:0.0.1-SNAPSHOT @ C:\Users\kanastasov\Desktop\CurrencyConverter\CurrencyConverter\pom.xml.
2020-03-14 09:22:38,619 [Worker-21: Building] INFO  o.e.m.c.i.e.AbstractTransferListenerAdapter - Downloaded https://repo.maven.apache.org/maven2/org/webjars/bootstrap/${bootstrap.version}/bootstrap-${bootstrap.version}.pom
2020-03-14 09:22:38,622 [Worker-21: Building] WARN  o.e.m.c.i.embedder.EclipseLogger - The POM for org.webjars:bootstrap:jar:${bootstrap.version} is missing, no dependency information available
2020-03-14 09:22:38,740 [Worker-21: Building] INFO  o.e.m.c.i.e.AbstractTransferListenerAdapter - Downloaded https://repo.maven.apache.org/maven2/org/webjars/bootstrap/${bootstrap.version}/bootstrap-${bootstrap.version}.jar
2020-03-14 09:22:40,210 [Worker-21: Building] INFO  o.e.m.c.i.embedder.EclipseLogger - Using 'UTF-8' encoding to copy filtered resources.
2020-03-14 09:22:40,215 [Worker-21: Building] INFO  o.e.m.c.i.embedder.EclipseLogger - Copying 0 resource
2020-03-14 09:22:40,215 [Worker-21: Building] INFO  o.e.m.c.i.embedder.EclipseLogger - Copying 0 resource
2020-03-14 09:22:40,219 [Worker-21: Building] INFO  o.e.m.c.i.embedder.EclipseLogger - Using 'UTF-8' encoding to copy filtered resources.
2020-03-14 09:22:40,219 [Worker-21: Building] INFO  o.e.m.c.i.embedder.EclipseLogger - skip non existing resourceDirectory C:\Users\kanastasov\Desktop\CurrencyConverter\CurrencyConverter\src\test\resources
2020-03-14 09:22:40,435 [Worker-21: Building] INFO  o.e.m.c.i.e.AbstractTransferListenerAdapter - Downloading https://repo.maven.apache.org/maven2/org/apache/maven/plugins/maven-surefire-plugin/2.22.0/maven-surefire-plugin-2.22.0.pom
2020-03-14 09:22:40,610 [Worker-21: Building] INFO  o.e.m.c.i.e.AbstractTransferListenerAdapter - Downloaded https://repo.maven.apache.org/maven2/org/apache/maven/plugins/maven-surefire-plugin/2.22.0/maven-surefire-plugin-2.22.0.pom
2020-03-14 09:22:40,680 [Worker-21: Building] INFO  o.e.m.c.i.e.AbstractTransferListenerAdapter - Downloading https://repo.maven.apache.org/maven2/org/apache/maven/surefire/surefire/2.22.0/surefire-2.22.0.pom
2020-03-14 09:22:40,792 [Worker-21: Building] INFO  o.e.m.c.i.e.AbstractTransferListenerAdapter - Downloaded https://repo.maven.apache.org/maven2/org/apache/maven/surefire/surefire/2.22.0/surefire-2.22.0.pom
2020-03-14 09:22:42,130 [Worker-15: Download sources and javadoc] WARN  o.e.m.c.i.embedder.EclipseLogger - The POM for org.webjars:bootstrap:jar:${bootstrap.version} is missing, no dependency information available
2020-03-14 09:22:42,443 [Worker-15: Download sources and javadoc] INFO  o.e.m.c.i.e.AbstractTransferListenerAdapter - Downloaded https://repo.maven.apache.org/maven2/org/webjars/bootstrap/${bootstrap.version}/bootstrap-${bootstrap.version}-sources.jar
2020-03-14 09:22:42,645 [Worker-15: Download sources and javadoc] ERROR o.e.m.j.internal.DownloadSourcesJob - Could not download sources for org.webjars:bootstrap:${bootstrap.version}
org.eclipse.core.runtime.CoreException: Could not resolve artifact org.webjars:bootstrap:jar:sources:${bootstrap.version}
	at org.eclipse.m2e.core.internal.embedder.MavenImpl.lambda$4(MavenImpl.java:805) ~[org.eclipse.m2e.core_1.15.0.20200120-1354.jar:na]
	at org.eclipse.m2e.core.internal.embedder.MavenExecutionContext.executeBare(MavenExecutionContext.java:179) ~[org.eclipse.m2e.core_1.15.0.20200120-1354.jar:na]
	at org.eclipse.m2e.core.internal.embedder.MavenExecutionContext.execute(MavenExecutionContext.java:114) ~[org.eclipse.m2e.core_1.15.0.20200120-1354.jar:na]
	at org.eclipse.m2e.core.internal.embedder.MavenExecutionContext.execute(MavenExecutionContext.java:101) ~[org.eclipse.m2e.core_1.15.0.20200120-1354.jar:na]
	at org.eclipse.m2e.core.internal.embedder.MavenImpl.resolve(MavenImpl.java:773) ~[org.eclipse.m2e.core_1.15.0.20200120-1354.jar:na]
	at org.eclipse.m2e.core.internal.embedder.MavenImpl.resolve(MavenImpl.java:750) ~[org.eclipse.m2e.core_1.15.0.20200120-1354.jar:na]
	at org.eclipse.m2e.jdt.internal.DownloadSourcesJob.download(DownloadSourcesJob.java:330) [org.eclipse.m2e.jdt_1.15.0.20200120-1354.jar:na]
	at org.eclipse.m2e.jdt.internal.DownloadSourcesJob.downloadAttachments(DownloadSourcesJob.java:304) [org.eclipse.m2e.jdt_1.15.0.20200120-1354.jar:na]
	at org.eclipse.m2e.jdt.internal.DownloadSourcesJob.downloadMaven(DownloadSourcesJob.java:269) [org.eclipse.m2e.jdt_1.15.0.20200120-1354.jar:na]
	at org.eclipse.m2e.jdt.internal.DownloadSourcesJob.downloadFilesAndPopulateToUpdate(DownloadSourcesJob.java:233) [org.eclipse.m2e.jdt_1.15.0.20200120-1354.jar:na]
	at org.eclipse.m2e.jdt.internal.DownloadSourcesJob.lambda$0(DownloadSourcesJob.java:161) [org.eclipse.m2e.jdt_1.15.0.20200120-1354.jar:na]
	at org.eclipse.m2e.core.internal.embedder.MavenExecutionContext.executeBare(MavenExecutionContext.java:179) ~[org.eclipse.m2e.core_1.15.0.20200120-1354.jar:na]
	at org.eclipse.m2e.core.internal.embedder.MavenExecutionContext.execute(MavenExecutionContext.java:153) ~[org.eclipse.m2e.core_1.15.0.20200120-1354.jar:na]
	at org.eclipse.m2e.core.internal.embedder.MavenExecutionContext.execute(MavenExecutionContext.java:101) ~[org.eclipse.m2e.core_1.15.0.20200120-1354.jar:na]
	at org.eclipse.m2e.core.internal.embedder.MavenImpl.execute(MavenImpl.java:1375) ~[org.eclipse.m2e.core_1.15.0.20200120-1354.jar:na]
	at org.eclipse.m2e.jdt.internal.DownloadSourcesJob.run(DownloadSourcesJob.java:161) [org.eclipse.m2e.jdt_1.15.0.20200120-1354.jar:na]
	at org.eclipse.core.internal.jobs.Worker.run(Worker.java:63) ~[org.eclipse.core.jobs_3.10.600.v20191122-2104.jar:na]
2020-03-14 09:22:42,788 [Worker-17: Building] INFO  o.e.m.c.i.embedder.EclipseLogger - Using 'UTF-8' encoding to copy filtered resources.
2020-03-14 09:22:42,789 [Worker-17: Building] INFO  o.e.m.c.i.embedder.EclipseLogger - Copying 0 resource
2020-03-14 09:22:42,790 [Worker-17: Building] INFO  o.e.m.c.i.embedder.EclipseLogger - Copying 0 resource
2020-03-14 09:22:42,794 [Worker-17: Building] INFO  o.e.m.c.i.embedder.EclipseLogger - Using 'UTF-8' encoding to copy filtered resources.
2020-03-14 09:22:42,794 [Worker-17: Building] INFO  o.e.m.c.i.embedder.EclipseLogger - skip non existing resourceDirectory C:\Users\kanastasov\Desktop\CurrencyConverter\CurrencyConverter\src\test\resources
2020-03-14 09:23:24,160 [Worker-19: Building] INFO  o.e.m.c.i.l.LifecycleMappingFactory - Using org.eclipse.m2e.jdt.JarLifecycleMapping lifecycle mapping for MavenProject: com.currencyConverter:CurrencyConverter:0.0.1-SNAPSHOT @ C:\Users\kanastasov\Desktop\CurrencyConverter\CurrencyConverter\pom.xml.
2020-03-14 09:23:49,987 [Worker-21: reload maven project] INFO  o.e.m.c.i.e.AbstractTransferListenerAdapter - Downloading https://repo.maven.apache.org/maven2/org/webjars/bootstrap/4.2.1/bootstrap-4.2.1.pom
2020-03-14 09:23:50,116 [Worker-21: reload maven project] INFO  o.e.m.c.i.e.AbstractTransferListenerAdapter - Downloaded https://repo.maven.apache.org/maven2/org/webjars/bootstrap/4.2.1/bootstrap-4.2.1.pom
2020-03-14 09:23:50,174 [Worker-22: Building] INFO  o.e.m.c.i.l.LifecycleMappingFactory - Using org.eclipse.m2e.jdt.JarLifecycleMapping lifecycle mapping for MavenProject: com.currencyConverter:CurrencyConverter:0.0.1-SNAPSHOT @ C:\Users\kanastasov\Desktop\CurrencyConverter\CurrencyConverter\pom.xml.
2020-03-14 09:23:50,175 [Worker-21: reload maven project] INFO  o.e.m.c.i.e.AbstractTransferListenerAdapter - Downloading https://repo.maven.apache.org/maven2/org/webjars/jquery/3.0.0/jquery-3.0.0.pom
2020-03-14 09:23:50,380 [Worker-21: reload maven project] INFO  o.e.m.c.i.e.AbstractTransferListenerAdapter - Downloaded https://repo.maven.apache.org/maven2/org/webjars/jquery/3.0.0/jquery-3.0.0.pom
2020-03-14 09:23:50,435 [Worker-21: reload maven project] INFO  o.e.m.c.i.e.AbstractTransferListenerAdapter - Downloading https://repo.maven.apache.org/maven2/org/webjars/popper.js/1.14.3/popper.js-1.14.3.pom
2020-03-14 09:23:50,699 [Worker-21: reload maven project] INFO  o.e.m.c.i.e.AbstractTransferListenerAdapter - Downloaded https://repo.maven.apache.org/maven2/org/webjars/popper.js/1.14.3/popper.js-1.14.3.pom
2020-03-14 09:23:50,857 [Worker-21: reload maven project] INFO  o.e.m.c.i.e.AbstractTransferListenerAdapter - Downloading https://repo.maven.apache.org/maven2/org/webjars/bootstrap/4.2.1/bootstrap-4.2.1.jar
2020-03-14 09:23:50,871 [Worker-22: Building] INFO  o.e.m.c.i.e.AbstractTransferListenerAdapter - Downloading https://repo.maven.apache.org/maven2/org/webjars/popper.js/1.14.3/popper.js-1.14.3.pom
2020-03-14 09:23:51,010 [Worker-22: Building] INFO  o.e.m.c.i.e.AbstractTransferListenerAdapter - Downloaded https://repo.maven.apache.org/maven2/org/webjars/popper.js/1.14.3/popper.js-1.14.3.pom
2020-03-14 09:23:51,162 [Worker-22: Building] INFO  o.e.m.c.i.e.AbstractTransferListenerAdapter - Downloading https://repo.maven.apache.org/maven2/org/webjars/bootstrap/4.2.1/bootstrap-4.2.1.jar
2020-03-14 09:23:51,295 [Worker-21: reload maven project] INFO  o.e.m.c.i.e.AbstractTransferListenerAdapter - Downloaded https://repo.maven.apache.org/maven2/org/webjars/bootstrap/4.2.1/bootstrap-4.2.1.jar
2020-03-14 09:23:51,350 [Worker-21: reload maven project] INFO  o.e.m.c.i.e.AbstractTransferListenerAdapter - Downloading https://repo.maven.apache.org/maven2/org/webjars/jquery/3.0.0/jquery-3.0.0.jar
2020-03-14 09:23:51,451 [Worker-21: reload maven project] INFO  o.e.m.c.i.e.AbstractTransferListenerAdapter - Downloaded https://repo.maven.apache.org/maven2/org/webjars/jquery/3.0.0/jquery-3.0.0.jar
2020-03-14 09:23:51,511 [Worker-21: reload maven project] INFO  o.e.m.c.i.e.AbstractTransferListenerAdapter - Downloading https://repo.maven.apache.org/maven2/org/webjars/popper.js/1.14.3/popper.js-1.14.3.jar
2020-03-14 09:23:51,643 [Worker-22: Building] INFO  o.e.m.c.i.e.AbstractTransferListenerAdapter - Downloaded https://repo.maven.apache.org/maven2/org/webjars/bootstrap/4.2.1/bootstrap-4.2.1.jar
2020-03-14 09:23:51,679 [Worker-22: Building] INFO  o.e.m.c.i.e.AbstractTransferListenerAdapter - Downloading https://repo.maven.apache.org/maven2/org/webjars/jquery/3.0.0/jquery-3.0.0.jar
2020-03-14 09:23:51,756 [Worker-21: reload maven project] INFO  o.e.m.c.i.e.AbstractTransferListenerAdapter - Downloaded https://repo.maven.apache.org/maven2/org/webjars/popper.js/1.14.3/popper.js-1.14.3.jar
2020-03-14 09:23:51,782 [Worker-22: Building] INFO  o.e.m.c.i.e.AbstractTransferListenerAdapter - Downloaded https://repo.maven.apache.org/maven2/org/webjars/jquery/3.0.0/jquery-3.0.0.jar
2020-03-14 09:23:51,828 [Worker-22: Building] INFO  o.e.m.c.i.e.AbstractTransferListenerAdapter - Downloading https://repo.maven.apache.org/maven2/org/webjars/popper.js/1.14.3/popper.js-1.14.3.jar
2020-03-14 09:23:51,954 [Worker-22: Building] INFO  o.e.m.c.i.e.AbstractTransferListenerAdapter - Downloaded https://repo.maven.apache.org/maven2/org/webjars/popper.js/1.14.3/popper.js-1.14.3.jar
2020-03-14 09:23:53,014 [Worker-22: Building] INFO  o.e.m.c.i.embedder.EclipseLogger - Using 'UTF-8' encoding to copy filtered resources.
2020-03-14 09:23:53,022 [Worker-22: Building] INFO  o.e.m.c.i.embedder.EclipseLogger - Copying 0 resource
2020-03-14 09:23:53,022 [Worker-22: Building] INFO  o.e.m.c.i.embedder.EclipseLogger - Copying 0 resource
2020-03-14 09:23:53,030 [Worker-22: Building] INFO  o.e.m.c.i.embedder.EclipseLogger - Using 'UTF-8' encoding to copy filtered resources.
2020-03-14 09:23:53,031 [Worker-22: Building] INFO  o.e.m.c.i.embedder.EclipseLogger - skip non existing resourceDirectory C:\Users\kanastasov\Desktop\CurrencyConverter\CurrencyConverter\src\test\resources
2020-03-14 09:23:54,558 [Worker-19: Building] INFO  o.e.m.c.i.embedder.EclipseLogger - Using 'UTF-8' encoding to copy filtered resources.
2020-03-14 09:23:54,559 [Worker-19: Building] INFO  o.e.m.c.i.embedder.EclipseLogger - Copying 1 resource
2020-03-14 09:23:54,583 [Worker-19: Building] INFO  o.e.m.c.i.embedder.EclipseLogger - Copying 0 resource
2020-03-14 09:23:54,587 [Worker-19: Building] INFO  o.e.m.c.i.embedder.EclipseLogger - Using 'UTF-8' encoding to copy filtered resources.
2020-03-14 09:23:54,587 [Worker-19: Building] INFO  o.e.m.c.i.embedder.EclipseLogger - skip non existing resourceDirectory C:\Users\kanastasov\Desktop\CurrencyConverter\CurrencyConverter\src\test\resources
2020-03-14 09:23:54,808 [Worker-23: Download sources and javadoc] INFO  o.e.m.c.i.e.AbstractTransferListenerAdapter - Downloading https://repo.maven.apache.org/maven2/org/webjars/bootstrap/4.2.1/bootstrap-4.2.1-sources.jar
2020-03-14 09:23:54,868 [Worker-23: Download sources and javadoc] INFO  o.e.m.c.i.e.AbstractTransferListenerAdapter - Downloaded https://repo.maven.apache.org/maven2/org/webjars/bootstrap/4.2.1/bootstrap-4.2.1-sources.jar
2020-03-14 09:23:55,053 [Worker-23: Download sources and javadoc] INFO  o.e.m.j.internal.DownloadSourcesJob - Downloaded sources for org.webjars:bootstrap:4.2.1
2020-03-14 09:23:55,253 [Worker-23: Download sources and javadoc] INFO  o.e.m.c.i.e.AbstractTransferListenerAdapter - Downloading https://repo.maven.apache.org/maven2/org/webjars/jquery/3.0.0/jquery-3.0.0-sources.jar
2020-03-14 09:23:55,372 [Worker-23: Download sources and javadoc] INFO  o.e.m.c.i.e.AbstractTransferListenerAdapter - Downloaded https://repo.maven.apache.org/maven2/org/webjars/jquery/3.0.0/jquery-3.0.0-sources.jar
2020-03-14 09:23:55,662 [Worker-23: Download sources and javadoc] INFO  o.e.m.j.internal.DownloadSourcesJob - Downloaded sources for org.webjars:jquery:3.0.0
2020-03-14 09:23:55,851 [Worker-23: Download sources and javadoc] INFO  o.e.m.c.i.e.AbstractTransferListenerAdapter - Downloaded https://repo.maven.apache.org/maven2/org/webjars/popper.js/1.14.3/popper.js-1.14.3-sources.jar
2020-03-14 09:23:55,856 [Worker-23: Download sources and javadoc] ERROR o.e.m.j.internal.DownloadSourcesJob - Could not download sources for org.webjars:popper.js:1.14.3
org.eclipse.core.runtime.CoreException: Could not resolve artifact org.webjars:popper.js:jar:sources:1.14.3
	at org.eclipse.m2e.core.internal.embedder.MavenImpl.lambda$4(MavenImpl.java:805) ~[org.eclipse.m2e.core_1.15.0.20200120-1354.jar:na]
	at org.eclipse.m2e.core.internal.embedder.MavenExecutionContext.executeBare(MavenExecutionContext.java:179) ~[org.eclipse.m2e.core_1.15.0.20200120-1354.jar:na]
	at org.eclipse.m2e.core.internal.embedder.MavenExecutionContext.execute(MavenExecutionContext.java:114) ~[org.eclipse.m2e.core_1.15.0.20200120-1354.jar:na]
	at org.eclipse.m2e.core.internal.embedder.MavenExecutionContext.execute(MavenExecutionContext.java:101) ~[org.eclipse.m2e.core_1.15.0.20200120-1354.jar:na]
	at org.eclipse.m2e.core.internal.embedder.MavenImpl.resolve(MavenImpl.java:773) ~[org.eclipse.m2e.core_1.15.0.20200120-1354.jar:na]
	at org.eclipse.m2e.core.internal.embedder.MavenImpl.resolve(MavenImpl.java:750) ~[org.eclipse.m2e.core_1.15.0.20200120-1354.jar:na]
	at org.eclipse.m2e.jdt.internal.DownloadSourcesJob.download(DownloadSourcesJob.java:330) [org.eclipse.m2e.jdt_1.15.0.20200120-1354.jar:na]
	at org.eclipse.m2e.jdt.internal.DownloadSourcesJob.downloadAttachments(DownloadSourcesJob.java:304) [org.eclipse.m2e.jdt_1.15.0.20200120-1354.jar:na]
	at org.eclipse.m2e.jdt.internal.DownloadSourcesJob.downloadMaven(DownloadSourcesJob.java:269) [org.eclipse.m2e.jdt_1.15.0.20200120-1354.jar:na]
	at org.eclipse.m2e.jdt.internal.DownloadSourcesJob.downloadFilesAndPopulateToUpdate(DownloadSourcesJob.java:233) [org.eclipse.m2e.jdt_1.15.0.20200120-1354.jar:na]
	at org.eclipse.m2e.jdt.internal.DownloadSourcesJob.lambda$0(DownloadSourcesJob.java:161) [org.eclipse.m2e.jdt_1.15.0.20200120-1354.jar:na]
	at org.eclipse.m2e.core.internal.embedder.MavenExecutionContext.executeBare(MavenExecutionContext.java:179) ~[org.eclipse.m2e.core_1.15.0.20200120-1354.jar:na]
	at org.eclipse.m2e.core.internal.embedder.MavenExecutionContext.execute(MavenExecutionContext.java:153) ~[org.eclipse.m2e.core_1.15.0.20200120-1354.jar:na]
	at org.eclipse.m2e.core.internal.embedder.MavenExecutionContext.execute(MavenExecutionContext.java:101) ~[org.eclipse.m2e.core_1.15.0.20200120-1354.jar:na]
	at org.eclipse.m2e.core.internal.embedder.MavenImpl.execute(MavenImpl.java:1375) ~[org.eclipse.m2e.core_1.15.0.20200120-1354.jar:na]
	at org.eclipse.m2e.jdt.internal.DownloadSourcesJob.run(DownloadSourcesJob.java:161) [org.eclipse.m2e.jdt_1.15.0.20200120-1354.jar:na]
	at org.eclipse.core.internal.jobs.Worker.run(Worker.java:63) ~[org.eclipse.core.jobs_3.10.600.v20191122-2104.jar:na]
2020-03-14 09:23:56,506 [Worker-21: Building] INFO  o.e.m.c.i.embedder.EclipseLogger - Using 'UTF-8' encoding to copy filtered resources.
2020-03-14 09:23:56,507 [Worker-21: Building] INFO  o.e.m.c.i.embedder.EclipseLogger - Copying 0 resource
2020-03-14 09:23:56,507 [Worker-21: Building] INFO  o.e.m.c.i.embedder.EclipseLogger - Copying 0 resource
2020-03-14 09:23:56,513 [Worker-21: Building] INFO  o.e.m.c.i.embedder.EclipseLogger - Using 'UTF-8' encoding to copy filtered resources.
2020-03-14 09:23:56,513 [Worker-21: Building] INFO  o.e.m.c.i.embedder.EclipseLogger - skip non existing resourceDirectory C:\Users\kanastasov\Desktop\CurrencyConverter\CurrencyConverter\src\test\resources
2020-03-14 09:23:57,472 [Worker-15: Download sources and javadoc] INFO  o.e.m.c.i.e.AbstractTransferListenerAdapter - Downloading https://repo.maven.apache.org/maven2/org/webjars/popper.js/1.14.3/popper.js-1.14.3-javadoc.jar
2020-03-14 09:23:57,734 [Worker-15: Download sources and javadoc] INFO  o.e.m.c.i.e.AbstractTransferListenerAdapter - Downloaded https://repo.maven.apache.org/maven2/org/webjars/popper.js/1.14.3/popper.js-1.14.3-javadoc.jar
2020-03-14 09:23:57,855 [Worker-15: Download sources and javadoc] INFO  o.e.m.j.internal.DownloadSourcesJob - Downloaded javadoc for org.webjars:popper.js:1.14.3
2020-03-14 09:23:58,774 [Worker-22: Building] INFO  o.e.m.c.i.embedder.EclipseLogger - Using 'UTF-8' encoding to copy filtered resources.
2020-03-14 09:23:58,774 [Worker-22: Building] INFO  o.e.m.c.i.embedder.EclipseLogger - Copying 0 resource
2020-03-14 09:23:58,775 [Worker-22: Building] INFO  o.e.m.c.i.embedder.EclipseLogger - Copying 0 resource
2020-03-14 09:23:58,778 [Worker-22: Building] INFO  o.e.m.c.i.embedder.EclipseLogger - Using 'UTF-8' encoding to copy filtered resources.
2020-03-14 09:23:58,778 [Worker-22: Building] INFO  o.e.m.c.i.embedder.EclipseLogger - skip non existing resourceDirectory C:\Users\kanastasov\Desktop\CurrencyConverter\CurrencyConverter\src\test\resources
2020-03-14 09:24:22,724 [Worker-19: Building] INFO  o.e.m.c.i.embedder.EclipseLogger - Using 'UTF-8' encoding to copy filtered resources.
2020-03-14 09:24:22,726 [Worker-19: Building] INFO  o.e.m.c.i.embedder.EclipseLogger - Copying 0 resource
2020-03-14 09:24:22,727 [Worker-19: Building] INFO  o.e.m.c.i.embedder.EclipseLogger - Copying 0 resource
2020-03-14 09:24:22,729 [Worker-19: Building] INFO  o.e.m.c.i.embedder.EclipseLogger - Using 'UTF-8' encoding to copy filtered resources.
2020-03-14 09:24:22,730 [Worker-19: Building] INFO  o.e.m.c.i.embedder.EclipseLogger - skip non existing resourceDirectory C:\Users\kanastasov\Desktop\CurrencyConverter\CurrencyConverter\src\test\resources
2020-03-14 09:24:39,750 [Worker-22: Building] INFO  o.e.m.c.i.embedder.EclipseLogger - Using 'UTF-8' encoding to copy filtered resources.
2020-03-14 09:24:39,751 [Worker-22: Building] INFO  o.e.m.c.i.embedder.EclipseLogger - Copying 0 resource
2020-03-14 09:24:39,751 [Worker-22: Building] INFO  o.e.m.c.i.embedder.EclipseLogger - Copying 1 resource
2020-03-14 09:24:39,761 [Worker-22: Building] INFO  o.e.m.c.i.embedder.EclipseLogger - Using 'UTF-8' encoding to copy filtered resources.
2020-03-14 09:24:39,761 [Worker-22: Building] INFO  o.e.m.c.i.embedder.EclipseLogger - skip non existing resourceDirectory C:\Users\kanastasov\Desktop\CurrencyConverter\CurrencyConverter\src\test\resources
2020-03-14 09:24:49,455 [Worker-17: Building] INFO  o.e.m.c.i.embedder.EclipseLogger - Using 'UTF-8' encoding to copy filtered resources.
2020-03-14 09:24:49,455 [Worker-17: Building] INFO  o.e.m.c.i.embedder.EclipseLogger - Copying 0 resource
2020-03-14 09:24:49,456 [Worker-17: Building] INFO  o.e.m.c.i.embedder.EclipseLogger - Copying 1 resource
2020-03-14 09:24:49,460 [Worker-17: Building] INFO  o.e.m.c.i.embedder.EclipseLogger - Using 'UTF-8' encoding to copy filtered resources.
2020-03-14 09:24:49,460 [Worker-17: Building] INFO  o.e.m.c.i.embedder.EclipseLogger - skip non existing resourceDirectory C:\Users\kanastasov\Desktop\CurrencyConverter\CurrencyConverter\src\test\resources
2020-03-14 09:25:17,027 [Worker-21: Building] INFO  o.e.m.c.i.embedder.EclipseLogger - Using 'UTF-8' encoding to copy filtered resources.
2020-03-14 09:25:17,028 [Worker-21: Building] INFO  o.e.m.c.i.embedder.EclipseLogger - Copying 1 resource
2020-03-14 09:25:17,029 [Worker-21: Building] INFO  o.e.m.c.i.embedder.EclipseLogger - Copying 0 resource
2020-03-14 09:25:17,033 [Worker-21: Building] INFO  o.e.m.c.i.embedder.EclipseLogger - Using 'UTF-8' encoding to copy filtered resources.
2020-03-14 09:25:17,033 [Worker-21: Building] INFO  o.e.m.c.i.embedder.EclipseLogger - skip non existing resourceDirectory C:\Users\kanastasov\Desktop\CurrencyConverter\CurrencyConverter\src\test\resources
2020-03-14 09:25:31,959 [Worker-24: Building] INFO  o.e.m.c.i.embedder.EclipseLogger - Using 'UTF-8' encoding to copy filtered resources.
2020-03-14 09:25:31,959 [Worker-24: Building] INFO  o.e.m.c.i.embedder.EclipseLogger - Copying 0 resource
2020-03-14 09:25:31,960 [Worker-24: Building] INFO  o.e.m.c.i.embedder.EclipseLogger - Copying 0 resource
2020-03-14 09:25:31,965 [Worker-24: Building] INFO  o.e.m.c.i.embedder.EclipseLogger - Using 'UTF-8' encoding to copy filtered resources.
2020-03-14 09:25:31,965 [Worker-24: Building] INFO  o.e.m.c.i.embedder.EclipseLogger - skip non existing resourceDirectory C:\Users\kanastasov\Desktop\CurrencyConverter\CurrencyConverter\src\test\resources
2020-03-14 09:25:40,293 [Worker-23: Building] INFO  o.e.m.c.i.embedder.EclipseLogger - Using 'UTF-8' encoding to copy filtered resources.
2020-03-14 09:25:40,294 [Worker-23: Building] INFO  o.e.m.c.i.embedder.EclipseLogger - Copying 0 resource
2020-03-14 09:25:40,294 [Worker-23: Building] INFO  o.e.m.c.i.embedder.EclipseLogger - Copying 0 resource
2020-03-14 09:25:40,297 [Worker-23: Building] INFO  o.e.m.c.i.embedder.EclipseLogger - Using 'UTF-8' encoding to copy filtered resources.
2020-03-14 09:25:40,297 [Worker-23: Building] INFO  o.e.m.c.i.embedder.EclipseLogger - skip non existing resourceDirectory C:\Users\kanastasov\Desktop\CurrencyConverter\CurrencyConverter\src\test\resources
2020-03-14 09:25:53,124 [Worker-15: Building] INFO  o.e.m.c.i.embedder.EclipseLogger - Using 'UTF-8' encoding to copy filtered resources.
2020-03-14 09:25:53,125 [Worker-15: Building] INFO  o.e.m.c.i.embedder.EclipseLogger - Copying 0 resource
2020-03-14 09:25:53,125 [Worker-15: Building] INFO  o.e.m.c.i.embedder.EclipseLogger - Copying 1 resource
2020-03-14 09:25:53,168 [Worker-15: Building] INFO  o.e.m.c.i.embedder.EclipseLogger - Using 'UTF-8' encoding to copy filtered resources.
2020-03-14 09:25:53,169 [Worker-15: Building] INFO  o.e.m.c.i.embedder.EclipseLogger - skip non existing resourceDirectory C:\Users\kanastasov\Desktop\CurrencyConverter\CurrencyConverter\src\test\resources
2020-03-14 09:25:59,421 [Worker-19: Building] INFO  o.e.m.c.i.embedder.EclipseLogger - Using 'UTF-8' encoding to copy filtered resources.
2020-03-14 09:25:59,422 [Worker-19: Building] INFO  o.e.m.c.i.embedder.EclipseLogger - Copying 0 resource
2020-03-14 09:25:59,422 [Worker-19: Building] INFO  o.e.m.c.i.embedder.EclipseLogger - Copying 1 resource
2020-03-14 09:25:59,426 [Worker-19: Building] INFO  o.e.m.c.i.embedder.EclipseLogger - Using 'UTF-8' encoding to copy filtered resources.
2020-03-14 09:25:59,426 [Worker-19: Building] INFO  o.e.m.c.i.embedder.EclipseLogger - skip non existing resourceDirectory C:\Users\kanastasov\Desktop\CurrencyConverter\CurrencyConverter\src\test\resources
2020-03-14 09:27:09,659 [Worker-15: Launching Executing clean in C__Users_kanastasov_Desktop_CurrencyConverter_CurrencyConverter] INFO  o.e.m.i.launch.MavenLaunchDelegate - C:\Users\kanastasov\Desktop\CurrencyConverter\CurrencyConverter
2020-03-14 09:27:09,660 [Worker-15: Launching Executing clean in C__Users_kanastasov_Desktop_CurrencyConverter_CurrencyConverter] INFO  o.e.m.i.launch.MavenLaunchDelegate -  mvn -Ppom.xml -B clean -Dstyle.color=always
2020-03-14 09:27:13,783 [Worker-19: Building] INFO  o.e.m.c.i.embedder.EclipseLogger - Using 'UTF-8' encoding to copy filtered resources.
2020-03-14 09:27:13,785 [Worker-19: Building] INFO  o.e.m.c.i.embedder.EclipseLogger - Copying 1 resource
2020-03-14 09:27:13,791 [Worker-19: Building] INFO  o.e.m.c.i.embedder.EclipseLogger - Copying 2 resources
2020-03-14 09:27:13,804 [Worker-19: Building] INFO  o.e.m.c.i.embedder.EclipseLogger - Using 'UTF-8' encoding to copy filtered resources.
2020-03-14 09:27:13,805 [Worker-19: Building] INFO  o.e.m.c.i.embedder.EclipseLogger - skip non existing resourceDirectory C:\Users\kanastasov\Desktop\CurrencyConverter\CurrencyConverter\src\test\resources
2020-03-14 09:27:36,401 [Worker-24: Launching Executing install in C__Users_kanastasov_Desktop_CurrencyConverter_CurrencyConverter] INFO  o.e.m.i.launch.MavenLaunchDelegate - C:\Users\kanastasov\Desktop\CurrencyConverter\CurrencyConverter
2020-03-14 09:27:36,402 [Worker-24: Launching Executing install in C__Users_kanastasov_Desktop_CurrencyConverter_CurrencyConverter] INFO  o.e.m.i.launch.MavenLaunchDelegate -  mvn -Ppom.xml -B install -Dstyle.color=always
2020-03-14 09:27:41,807 [Worker-15: Building] INFO  o.e.m.c.i.embedder.EclipseLogger - Using 'UTF-8' encoding to copy filtered resources.
2020-03-14 09:27:41,808 [Worker-15: Building] INFO  o.e.m.c.i.embedder.EclipseLogger - Copying 1 resource
2020-03-14 09:27:41,813 [Worker-15: Building] INFO  o.e.m.c.i.embedder.EclipseLogger - Copying 2 resources
2020-03-14 09:27:41,824 [Worker-15: Building] INFO  o.e.m.c.i.embedder.EclipseLogger - Using 'UTF-8' encoding to copy filtered resources.
2020-03-14 09:27:41,824 [Worker-15: Building] INFO  o.e.m.c.i.embedder.EclipseLogger - skip non existing resourceDirectory C:\Users\kanastasov\Desktop\CurrencyConverter\CurrencyConverter\src\test\resources
2020-03-14 09:28:21,325 [Worker-17: Building] INFO  o.e.m.c.i.embedder.EclipseLogger - Using 'UTF-8' encoding to copy filtered resources.
2020-03-14 09:28:21,327 [Worker-17: Building] INFO  o.e.m.c.i.embedder.EclipseLogger - Copying 1 resource
2020-03-14 09:28:21,391 [Worker-17: Building] INFO  o.e.m.c.i.embedder.EclipseLogger - Copying 2 resources
2020-03-14 09:28:21,500 [Worker-17: Building] INFO  o.e.m.c.i.embedder.EclipseLogger - Using 'UTF-8' encoding to copy filtered resources.
2020-03-14 09:28:21,500 [Worker-17: Building] INFO  o.e.m.c.i.embedder.EclipseLogger - skip non existing resourceDirectory C:\Users\kanastasov\Desktop\CurrencyConverter\CurrencyConverter\src\test\resources
2020-03-14 09:28:26,690 [Worker-21: Launching Executing clean in C__Users_kanastasov_Desktop_CurrencyConverter_CurrencyConverter] INFO  o.e.m.i.launch.MavenLaunchDelegate - C:\Users\kanastasov\Desktop\CurrencyConverter\CurrencyConverter
2020-03-14 09:28:26,690 [Worker-21: Launching Executing clean in C__Users_kanastasov_Desktop_CurrencyConverter_CurrencyConverter] INFO  o.e.m.i.launch.MavenLaunchDelegate -  mvn -Ppom.xml -B clean -Dstyle.color=always
2020-03-14 09:28:32,899 [Worker-19: Building] INFO  o.e.m.c.i.embedder.EclipseLogger - Using 'UTF-8' encoding to copy filtered resources.
2020-03-14 09:28:32,901 [Worker-19: Building] INFO  o.e.m.c.i.embedder.EclipseLogger - Copying 1 resource
2020-03-14 09:28:32,905 [Worker-19: Building] INFO  o.e.m.c.i.embedder.EclipseLogger - Copying 2 resources
2020-03-14 09:28:32,916 [Worker-19: Building] INFO  o.e.m.c.i.embedder.EclipseLogger - Using 'UTF-8' encoding to copy filtered resources.
2020-03-14 09:28:32,917 [Worker-19: Building] INFO  o.e.m.c.i.embedder.EclipseLogger - skip non existing resourceDirectory C:\Users\kanastasov\Desktop\CurrencyConverter\CurrencyConverter\src\test\resources
2020-03-14 09:28:37,430 [Worker-17: Launching Executing install in C__Users_kanastasov_Desktop_CurrencyConverter_CurrencyConverter] INFO  o.e.m.i.launch.MavenLaunchDelegate - C:\Users\kanastasov\Desktop\CurrencyConverter\CurrencyConverter
2020-03-14 09:28:37,431 [Worker-17: Launching Executing install in C__Users_kanastasov_Desktop_CurrencyConverter_CurrencyConverter] INFO  o.e.m.i.launch.MavenLaunchDelegate -  mvn -Ppom.xml -B install -Dstyle.color=always
2020-03-14 09:31:27,904 [Worker-17: Building] INFO  o.e.m.c.i.embedder.EclipseLogger - Using 'UTF-8' encoding to copy filtered resources.
2020-03-14 09:31:27,905 [Worker-17: Building] INFO  o.e.m.c.i.embedder.EclipseLogger - Copying 0 resource
2020-03-14 09:31:27,905 [Worker-17: Building] INFO  o.e.m.c.i.embedder.EclipseLogger - Copying 0 resource
2020-03-14 09:31:27,907 [Worker-17: Building] INFO  o.e.m.c.i.embedder.EclipseLogger - Using 'UTF-8' encoding to copy filtered resources.
2020-03-14 09:31:27,907 [Worker-17: Building] INFO  o.e.m.c.i.embedder.EclipseLogger - skip non existing resourceDirectory C:\Users\kanastasov\Desktop\CurrencyConverter\CurrencyConverter\src\test\resources
2020-03-14 09:31:32,102 [Worker-19: Building] INFO  o.e.m.c.i.embedder.EclipseLogger - Using 'UTF-8' encoding to copy filtered resources.
2020-03-14 09:31:32,105 [Worker-19: Building] INFO  o.e.m.c.i.embedder.EclipseLogger - Copying 1 resource
2020-03-14 09:31:32,108 [Worker-19: Building] INFO  o.e.m.c.i.embedder.EclipseLogger - Copying 2 resources
2020-03-14 09:31:32,117 [Worker-19: Building] INFO  o.e.m.c.i.embedder.EclipseLogger - Using 'UTF-8' encoding to copy filtered resources.
2020-03-14 09:31:32,118 [Worker-19: Building] INFO  o.e.m.c.i.embedder.EclipseLogger - skip non existing resourceDirectory C:\Users\kanastasov\Desktop\CurrencyConverter\CurrencyConverter\src\test\resources
2020-03-14 09:32:32,458 [Worker-2: Loading available Gradle versions] INFO  o.e.b.c.i.u.g.PublishedGradleVersions - Gradle version information cache is up-to-date. Trying to read.
2020-03-14 09:33:44,209 [Worker-9: Building] INFO  o.e.m.c.i.l.LifecycleMappingFactory - Using org.eclipse.m2e.jdt.JarLifecycleMapping lifecycle mapping for MavenProject: com.currencyConverter:CurrencyConverter:0.0.1-SNAPSHOT @ C:\Users\kanastasov\Desktop\CurrencyConverter\CurrencyConverter\pom.xml.
2020-03-14 09:33:45,428 [Worker-9: Building] INFO  o.e.m.c.i.embedder.EclipseLogger - Using 'UTF-8' encoding to copy filtered resources.
2020-03-14 09:33:45,434 [Worker-9: Building] INFO  o.e.m.c.i.embedder.EclipseLogger - Copying 1 resource
2020-03-14 09:33:45,458 [Worker-9: Building] INFO  o.e.m.c.i.embedder.EclipseLogger - Copying 2 resources
2020-03-14 09:33:45,463 [Worker-9: Building] INFO  o.e.m.c.i.embedder.EclipseLogger - Using 'UTF-8' encoding to copy filtered resources.
2020-03-14 09:33:45,463 [Worker-9: Building] INFO  o.e.m.c.i.embedder.EclipseLogger - skip non existing resourceDirectory C:\Users\kanastasov\Desktop\CurrencyConverter\CurrencyConverter\src\test\resources
2020-03-14 09:34:20,651 [Worker-9: Building] INFO  o.e.m.c.i.embedder.EclipseLogger - Using 'UTF-8' encoding to copy filtered resources.
2020-03-14 09:34:20,652 [Worker-9: Building] INFO  o.e.m.c.i.embedder.EclipseLogger - Copying 1 resource
2020-03-14 09:34:20,696 [Worker-9: Building] INFO  o.e.m.c.i.embedder.EclipseLogger - Copying 2 resources
2020-03-14 09:34:20,717 [Worker-9: Building] INFO  o.e.m.c.i.embedder.EclipseLogger - Using 'UTF-8' encoding to copy filtered resources.
2020-03-14 09:34:20,717 [Worker-9: Building] INFO  o.e.m.c.i.embedder.EclipseLogger - skip non existing resourceDirectory C:\Users\kanastasov\Desktop\CurrencyConverter\CurrencyConverter\src\test\resources
2020-03-14 09:37:33,901 [Worker-7: Building] INFO  o.e.m.c.i.embedder.EclipseLogger - Using 'UTF-8' encoding to copy filtered resources.
2020-03-14 09:37:33,907 [Worker-7: Building] INFO  o.e.m.c.i.embedder.EclipseLogger - Copying 0 resource
2020-03-14 09:37:33,908 [Worker-7: Building] INFO  o.e.m.c.i.embedder.EclipseLogger - Copying 1 resource
2020-03-14 09:37:33,915 [Worker-7: Building] INFO  o.e.m.c.i.embedder.EclipseLogger - Using 'UTF-8' encoding to copy filtered resources.
2020-03-14 09:37:33,915 [Worker-7: Building] INFO  o.e.m.c.i.embedder.EclipseLogger - skip non existing resourceDirectory C:\Users\kanastasov\Desktop\CurrencyConverter\CurrencyConverter\src\test\resources
2020-03-14 09:37:57,067 [Worker-7: Building] INFO  o.e.m.c.i.embedder.EclipseLogger - Using 'UTF-8' encoding to copy filtered resources.
2020-03-14 09:37:57,068 [Worker-7: Building] INFO  o.e.m.c.i.embedder.EclipseLogger - Copying 0 resource
2020-03-14 09:37:57,069 [Worker-7: Building] INFO  o.e.m.c.i.embedder.EclipseLogger - Copying 1 resource
2020-03-14 09:37:57,089 [Worker-7: Building] INFO  o.e.m.c.i.embedder.EclipseLogger - Using 'UTF-8' encoding to copy filtered resources.
2020-03-14 09:37:57,089 [Worker-7: Building] INFO  o.e.m.c.i.embedder.EclipseLogger - skip non existing resourceDirectory C:\Users\kanastasov\Desktop\CurrencyConverter\CurrencyConverter\src\test\resources
2020-03-14 09:38:09,577 [Worker-6: Building] INFO  o.e.m.c.i.embedder.EclipseLogger - Using 'UTF-8' encoding to copy filtered resources.
2020-03-14 09:38:09,581 [Worker-6: Building] INFO  o.e.m.c.i.embedder.EclipseLogger - Copying 1 resource
2020-03-14 09:38:09,592 [Worker-6: Building] INFO  o.e.m.c.i.embedder.EclipseLogger - Copying 2 resources
2020-03-14 09:38:09,596 [Worker-6: Building] INFO  o.e.m.c.i.embedder.EclipseLogger - Using 'UTF-8' encoding to copy filtered resources.
2020-03-14 09:38:09,596 [Worker-6: Building] INFO  o.e.m.c.i.embedder.EclipseLogger - skip non existing resourceDirectory C:\Users\kanastasov\Desktop\CurrencyConverter\CurrencyConverter\src\test\resources
2020-03-14 09:38:17,060 [Worker-4: Building] INFO  o.e.m.c.i.embedder.EclipseLogger - Using 'UTF-8' encoding to copy filtered resources.
2020-03-14 09:38:17,062 [Worker-4: Building] INFO  o.e.m.c.i.embedder.EclipseLogger - Copying 1 resource
2020-03-14 09:38:17,068 [Worker-4: Building] INFO  o.e.m.c.i.embedder.EclipseLogger - Copying 2 resources
2020-03-14 09:38:17,077 [Worker-4: Building] INFO  o.e.m.c.i.embedder.EclipseLogger - Using 'UTF-8' encoding to copy filtered resources.
2020-03-14 09:38:17,077 [Worker-4: Building] INFO  o.e.m.c.i.embedder.EclipseLogger - skip non existing resourceDirectory C:\Users\kanastasov\Desktop\CurrencyConverter\CurrencyConverter\src\test\resources
2020-03-14 09:38:57,007 [Worker-6: Building] INFO  o.e.m.c.i.embedder.EclipseLogger - Using 'UTF-8' encoding to copy filtered resources.
2020-03-14 09:38:57,009 [Worker-6: Building] INFO  o.e.m.c.i.embedder.EclipseLogger - Copying 1 resource
2020-03-14 09:38:57,015 [Worker-6: Building] INFO  o.e.m.c.i.embedder.EclipseLogger - Copying 2 resources
2020-03-14 09:38:57,018 [Worker-6: Building] INFO  o.e.m.c.i.embedder.EclipseLogger - Using 'UTF-8' encoding to copy filtered resources.
2020-03-14 09:38:57,018 [Worker-6: Building] INFO  o.e.m.c.i.embedder.EclipseLogger - skip non existing resourceDirectory C:\Users\kanastasov\Desktop\CurrencyConverter\CurrencyConverter\src\test\resources
2020-03-14 09:39:36,425 [Worker-6: Building] INFO  o.e.m.c.i.embedder.EclipseLogger - Using 'UTF-8' encoding to copy filtered resources.
2020-03-14 09:39:36,427 [Worker-6: Building] INFO  o.e.m.c.i.embedder.EclipseLogger - Copying 1 resource
2020-03-14 09:39:36,431 [Worker-6: Building] INFO  o.e.m.c.i.embedder.EclipseLogger - Copying 2 resources
2020-03-14 09:39:36,439 [Worker-6: Building] INFO  o.e.m.c.i.embedder.EclipseLogger - Using 'UTF-8' encoding to copy filtered resources.
2020-03-14 09:39:36,439 [Worker-6: Building] INFO  o.e.m.c.i.embedder.EclipseLogger - skip non existing resourceDirectory C:\Users\kanastasov\Desktop\CurrencyConverter\CurrencyConverter\src\test\resources
2020-03-14 09:40:00,456 [Worker-10: Building] INFO  o.e.m.c.i.embedder.EclipseLogger - Using 'UTF-8' encoding to copy filtered resources.
2020-03-14 09:40:00,457 [Worker-10: Building] INFO  o.e.m.c.i.embedder.EclipseLogger - Copying 0 resource
2020-03-14 09:40:00,458 [Worker-10: Building] INFO  o.e.m.c.i.embedder.EclipseLogger - Copying 1 resource
2020-03-14 09:40:00,466 [Worker-10: Building] INFO  o.e.m.c.i.embedder.EclipseLogger - Using 'UTF-8' encoding to copy filtered resources.
2020-03-14 09:40:00,466 [Worker-10: Building] INFO  o.e.m.c.i.embedder.EclipseLogger - skip non existing resourceDirectory C:\Users\kanastasov\Desktop\CurrencyConverter\CurrencyConverter\src\test\resources
2020-03-14 09:40:38,591 [Worker-4: Building] INFO  o.e.m.c.i.embedder.EclipseLogger - Using 'UTF-8' encoding to copy filtered resources.
2020-03-14 09:40:38,592 [Worker-4: Building] INFO  o.e.m.c.i.embedder.EclipseLogger - Copying 0 resource
2020-03-14 09:40:38,600 [Worker-4: Building] INFO  o.e.m.c.i.embedder.EclipseLogger - Copying 1 resource
2020-03-14 09:40:38,622 [Worker-4: Building] INFO  o.e.m.c.i.embedder.EclipseLogger - Using 'UTF-8' encoding to copy filtered resources.
2020-03-14 09:40:38,622 [Worker-4: Building] INFO  o.e.m.c.i.embedder.EclipseLogger - skip non existing resourceDirectory C:\Users\kanastasov\Desktop\CurrencyConverter\CurrencyConverter\src\test\resources
2020-03-14 09:40:48,575 [Worker-6: Building] INFO  o.e.m.c.i.embedder.EclipseLogger - Using 'UTF-8' encoding to copy filtered resources.
2020-03-14 09:40:48,576 [Worker-6: Building] INFO  o.e.m.c.i.embedder.EclipseLogger - Copying 1 resource
2020-03-14 09:40:48,578 [Worker-6: Building] INFO  o.e.m.c.i.embedder.EclipseLogger - Copying 2 resources
2020-03-14 09:40:48,580 [Worker-6: Building] INFO  o.e.m.c.i.embedder.EclipseLogger - Using 'UTF-8' encoding to copy filtered resources.
2020-03-14 09:40:48,581 [Worker-6: Building] INFO  o.e.m.c.i.embedder.EclipseLogger - skip non existing resourceDirectory C:\Users\kanastasov\Desktop\CurrencyConverter\CurrencyConverter\src\test\resources
2020-03-14 09:40:55,664 [Worker-10: Building] INFO  o.e.m.c.i.embedder.EclipseLogger - Using 'UTF-8' encoding to copy filtered resources.
2020-03-14 09:40:55,666 [Worker-10: Building] INFO  o.e.m.c.i.embedder.EclipseLogger - Copying 1 resource
2020-03-14 09:40:55,698 [Worker-10: Building] INFO  o.e.m.c.i.embedder.EclipseLogger - Copying 2 resources
2020-03-14 09:40:55,702 [Worker-10: Building] INFO  o.e.m.c.i.embedder.EclipseLogger - Using 'UTF-8' encoding to copy filtered resources.
2020-03-14 09:40:55,704 [Worker-10: Building] INFO  o.e.m.c.i.embedder.EclipseLogger - skip non existing resourceDirectory C:\Users\kanastasov\Desktop\CurrencyConverter\CurrencyConverter\src\test\resources
2020-03-14 09:41:35,447 [Worker-10: Building] INFO  o.e.m.c.i.embedder.EclipseLogger - Using 'UTF-8' encoding to copy filtered resources.
2020-03-14 09:41:35,448 [Worker-10: Building] INFO  o.e.m.c.i.embedder.EclipseLogger - Copying 0 resource
2020-03-14 09:41:35,449 [Worker-10: Building] INFO  o.e.m.c.i.embedder.EclipseLogger - Copying 1 resource
2020-03-14 09:41:35,454 [Worker-10: Building] INFO  o.e.m.c.i.embedder.EclipseLogger - Using 'UTF-8' encoding to copy filtered resources.
2020-03-14 09:41:35,455 [Worker-10: Building] INFO  o.e.m.c.i.embedder.EclipseLogger - skip non existing resourceDirectory C:\Users\kanastasov\Desktop\CurrencyConverter\CurrencyConverter\src\test\resources
2020-03-14 09:42:11,063 [Worker-8: Building] INFO  o.e.m.c.i.embedder.EclipseLogger - Using 'UTF-8' encoding to copy filtered resources.
2020-03-14 09:42:11,063 [Worker-8: Building] INFO  o.e.m.c.i.embedder.EclipseLogger - Copying 1 resource
2020-03-14 09:42:11,065 [Worker-8: Building] INFO  o.e.m.c.i.embedder.EclipseLogger - Copying 0 resource
2020-03-14 09:42:11,068 [Worker-8: Building] INFO  o.e.m.c.i.embedder.EclipseLogger - Using 'UTF-8' encoding to copy filtered resources.
2020-03-14 09:42:11,069 [Worker-8: Building] INFO  o.e.m.c.i.embedder.EclipseLogger - skip non existing resourceDirectory C:\Users\kanastasov\Desktop\CurrencyConverter\CurrencyConverter\src\test\resources
2020-03-14 09:42:26,569 [Worker-3: Building] INFO  o.e.m.c.i.embedder.EclipseLogger - Using 'UTF-8' encoding to copy filtered resources.
2020-03-14 09:42:26,569 [Worker-3: Building] INFO  o.e.m.c.i.embedder.EclipseLogger - Copying 0 resource
2020-03-14 09:42:26,570 [Worker-3: Building] INFO  o.e.m.c.i.embedder.EclipseLogger - Copying 1 resource
2020-03-14 09:42:26,575 [Worker-3: Building] INFO  o.e.m.c.i.embedder.EclipseLogger - Using 'UTF-8' encoding to copy filtered resources.
2020-03-14 09:42:26,576 [Worker-3: Building] INFO  o.e.m.c.i.embedder.EclipseLogger - skip non existing resourceDirectory C:\Users\kanastasov\Desktop\CurrencyConverter\CurrencyConverter\src\test\resources
2020-03-14 09:43:54,579 [Worker-7: Building] INFO  o.e.m.c.i.embedder.EclipseLogger - Using 'UTF-8' encoding to copy filtered resources.
2020-03-14 09:43:54,580 [Worker-7: Building] INFO  o.e.m.c.i.embedder.EclipseLogger - Copying 1 resource
2020-03-14 09:43:54,583 [Worker-7: Building] INFO  o.e.m.c.i.embedder.EclipseLogger - Copying 2 resources
2020-03-14 09:43:54,588 [Worker-7: Building] INFO  o.e.m.c.i.embedder.EclipseLogger - Using 'UTF-8' encoding to copy filtered resources.
2020-03-14 09:43:54,588 [Worker-7: Building] INFO  o.e.m.c.i.embedder.EclipseLogger - skip non existing resourceDirectory C:\Users\kanastasov\Desktop\CurrencyConverter\CurrencyConverter\src\test\resources
2020-03-14 09:47:00,872 [Worker-16: Building] INFO  o.e.m.c.i.embedder.EclipseLogger - Using 'UTF-8' encoding to copy filtered resources.
2020-03-14 09:47:00,873 [Worker-16: Building] INFO  o.e.m.c.i.embedder.EclipseLogger - Copying 1 resource
2020-03-14 09:47:00,877 [Worker-16: Building] INFO  o.e.m.c.i.embedder.EclipseLogger - Copying 2 resources
2020-03-14 09:47:00,880 [Worker-16: Building] INFO  o.e.m.c.i.embedder.EclipseLogger - Using 'UTF-8' encoding to copy filtered resources.
2020-03-14 09:47:00,880 [Worker-16: Building] INFO  o.e.m.c.i.embedder.EclipseLogger - skip non existing resourceDirectory C:\Users\kanastasov\Desktop\CurrencyConverter\CurrencyConverter\src\test\resources
2020-03-14 09:58:32,832 [Worker-4: Loading available Gradle versions] INFO  o.e.b.c.i.u.g.PublishedGradleVersions - Gradle version information cache is up-to-date. Trying to read.
